  pch.cpp
  714HW1.cpp
c:\dan\wisconsin\2020\2020 fall\math714\hw4\714hw1\714hw1\714hw1.cpp(203): warning C4244: 'initializing': conversion from 'double' to 'int', possible loss of data
c:\dan\wisconsin\2020\2020 fall\math714\hw4\714hw1\714hw1\714hw1.cpp(241): warning C4244: 'initializing': conversion from 'double' to 'int', possible loss of data
  Grid.cpp
c:\dan\wisconsin\2020\2020 fall\math714\hw4\714hw1\714hw1\grid.cpp(123): warning C4101: 'MaxError': unreferenced local variable
c:\dan\wisconsin\2020\2020 fall\math714\hw4\714hw1\714hw1\grid.cpp(123): warning C4101: 'Error': unreferenced local variable
c:\dan\wisconsin\2020\2020 fall\math714\hw4\714hw1\714hw1\grid.cpp(129): warning C4101: 'f': unreferenced local variable
c:\dan\wisconsin\2020\2020 fall\math714\hw4\714hw1\714hw1\grid.cpp(129): warning C4101: 'dudy': unreferenced local variable
c:\dan\wisconsin\2020\2020 fall\math714\hw4\714hw1\714hw1\grid.cpp(122): warning C4101: 'iCount': unreferenced local variable
c:\dan\wisconsin\2020\2020 fall\math714\hw4\714hw1\714hw1\grid.cpp(177): warning C4244: 'initializing': conversion from 'double' to 'int', possible loss of data
c:\dan\wisconsin\2020\2020 fall\math714\hw4\714hw1\714hw1\grid.cpp(199): warning C4101: 'MaxError': unreferenced local variable
c:\dan\wisconsin\2020\2020 fall\math714\hw4\714hw1\714hw1\grid.cpp(199): warning C4101: 'Error': unreferenced local variable
c:\dan\wisconsin\2020\2020 fall\math714\hw4\714hw1\714hw1\grid.cpp(205): warning C4101: 'f': unreferenced local variable
c:\dan\wisconsin\2020\2020 fall\math714\hw4\714hw1\714hw1\grid.cpp(205): warning C4101: 'dudy': unreferenced local variable
c:\dan\wisconsin\2020\2020 fall\math714\hw4\714hw1\714hw1\grid.cpp(198): warning C4101: 'iCount': unreferenced local variable
c:\dan\wisconsin\2020\2020 fall\math714\hw4\714hw1\714hw1\grid.cpp(621): warning C4244: 'initializing': conversion from 'double' to 'int', possible loss of data
c:\dan\wisconsin\2020\2020 fall\math714\hw4\714hw1\714hw1\grid.cpp(670): warning C4244: 'initializing': conversion from 'double' to 'int', possible loss of data
c:\dan\wisconsin\2020\2020 fall\math714\hw4\714hw1\714hw1\grid.cpp(700): warning C4244: 'initializing': conversion from 'double' to 'int', possible loss of data
c:\dan\wisconsin\2020\2020 fall\math714\hw4\714hw1\714hw1\grid.cpp(838): warning C4244: 'initializing': conversion from 'double' to 'int', possible loss of data
c:\dan\wisconsin\2020\2020 fall\math714\hw4\714hw1\714hw1\grid.cpp(918): warning C4244: 'initializing': conversion from 'double' to 'int', possible loss of data
c:\dan\wisconsin\2020\2020 fall\math714\hw4\714hw1\714hw1\grid.cpp(998): warning C4244: 'initializing': conversion from 'double' to 'int', possible loss of data
c:\dan\wisconsin\2020\2020 fall\math714\hw4\714hw1\714hw1\grid.cpp(1845): warning C4244: 'initializing': conversion from 'double' to 'int', possible loss of data
c:\dan\wisconsin\2020\2020 fall\math714\hw4\714hw1\714hw1\grid.cpp(1955): warning C4101: 'MaxError': unreferenced local variable
c:\dan\wisconsin\2020\2020 fall\math714\hw4\714hw1\714hw1\grid.cpp(1955): warning C4101: 'Error': unreferenced local variable
c:\dan\wisconsin\2020\2020 fall\math714\hw4\714hw1\714hw1\grid.cpp(1954): warning C4101: 'iCount': unreferenced local variable
c:\dan\wisconsin\2020\2020 fall\math714\hw4\714hw1\714hw1\grid.cpp(2009): warning C4101: 'MaxError': unreferenced local variable
c:\dan\wisconsin\2020\2020 fall\math714\hw4\714hw1\714hw1\grid.cpp(2009): warning C4101: 'Error': unreferenced local variable
c:\dan\wisconsin\2020\2020 fall\math714\hw4\714hw1\714hw1\grid.cpp(2008): warning C4101: 'iCount': unreferenced local variable
  Generating code
  All 16 functions were compiled because no usable IPDB/IOBJ from previous compilation was found.
  Finished generating code
  714HW1.vcxproj -> C:\Dan\Wisconsin\2020\2020 Fall\Math714\HW4\714HW1\x64\Release\714HW1.exe
